Flow report for yaoping
Sun Jun 05 16:58:34 2022
Quartus II 64-Bit Version 9.1 Build 222 10/21/2009 SJ Full Version


---------------------
; Table of Contents ;
---------------------
  1. Legal Notice
  2. Flow Summary
  3. Flow Settings
  4. Flow Non-Default Global Settings
  5. Flow Elapsed Time
  6. Flow OS Summary
  7. Flow Log



----------------
; Legal Notice ;
----------------
Copyright (C) 1991-2009 Altera Corporation
Your use of Altera Corporation's design tools, logic functions 
and other software and tools, and its AMPP partner logic 
functions, and any output files from any of the foregoing 
(including device programming or simulation files), and any 
associated documentation or information are expressly subject 
to the terms and conditions of the Altera Program License 
Subscription Agreement, Altera MegaCore Function License 
Agreement, or other applicable license agreement, including, 
without limitation, that your use is for the sole purpose of 
programming logic devices manufactured by Altera and sold by 
Altera or its authorized distributors.  Please refer to the 
applicable agreement for further details.



+----------------------------------------------------------------------+
; Flow Summary                                                         ;
+---------------------------+------------------------------------------+
; Flow Status               ; Successful - Sun Jun 05 16:58:34 2022    ;
; Quartus II 64-Bit Version ; 9.1 Build 222 10/21/2009 SJ Full Version ;
; Revision Name             ; yaoping                                  ;
; Top-level Entity Name     ; Block                                    ;
; Family                    ; MAX7000S                                 ;
; Device                    ; EPM7128SLC84-15                          ;
; Timing Models             ; Final                                    ;
; Met timing requirements   ; Yes                                      ;
; Total macrocells          ; 127 / 128 ( 99 % )                       ;
; Total pins                ; 48 / 68 ( 71 % )                         ;
+---------------------------+------------------------------------------+


+-----------------------------------------+
; Flow Settings                           ;
+-------------------+---------------------+
; Option            ; Setting             ;
+-------------------+---------------------+
; Start date & time ; 06/05/2022 16:58:27 ;
; Main task         ; Compilation         ;
; Revision Name     ; yaoping             ;
+-------------------+---------------------+


+--------------------------------------------------------------------------------------------------------------------+
; Flow Non-Default Global Settings                                                                                   ;
+------------------------------------+--------------------------------+---------------+-------------+----------------+
; Assignment Name                    ; Value                          ; Default Value ; Entity Name ; Section Id     ;
+------------------------------------+--------------------------------+---------------+-------------+----------------+
; COMPILER_SIGNATURE_ID              ; 92384127985444.165441950709956 ; --            ; --          ; --             ;
; FITTER_EFFORT                      ; Standard Fit                   ; Auto Fit      ; --          ; --             ;
; MISC_FILE                          ; D:/quartus/project/yaoping.dpf ; --            ; --          ; --             ;
; OPTIMIZE_HOLD_TIMING               ; IO Paths and Minimum TPD Paths ; --            ; --          ; --             ;
; PARTITION_COLOR                    ; 16764057                       ; --            ; Block       ; Top            ;
; PARTITION_NETLIST_TYPE             ; SOURCE                         ; --            ; Block       ; Top            ;
; TOP_LEVEL_ENTITY                   ; Block                          ; yaoping       ; --          ; --             ;
; USE_GENERATED_PHYSICAL_CONSTRAINTS ; Off                            ; --            ; --          ; eda_blast_fpga ;
+------------------------------------+--------------------------------+---------------+-------------+----------------+


+-----------------------------------------------------------------------------------------------------------------------------+
; Flow Elapsed Time                                                                                                           ;
+-------------------------+--------------+-------------------------+---------------------+------------------------------------+
; Module Name             ; Elapsed Time ; Average Processors Used ; Peak Virtual Memory ; Total CPU Time (on all processors) ;
+-------------------------+--------------+-------------------------+---------------------+------------------------------------+
; Analysis & Synthesis    ; 00:00:03     ; 1.0                     ; 4454 MB             ; 00:00:03                           ;
; Fitter                  ; 00:00:01     ; 1.0                     ; 4403 MB             ; 00:00:01                           ;
; Assembler               ; 00:00:00     ; 1.0                     ; 4349 MB             ; 00:00:00                           ;
; Classic Timing Analyzer ; 00:00:01     ; 1.0                     ; 4341 MB             ; 00:00:00                           ;
; Total                   ; 00:00:05     ; --                      ; --                  ; 00:00:04                           ;
+-------------------------+--------------+-------------------------+---------------------+------------------------------------+


+------------------------------------------------------------------------------------------+
; Flow OS Summary                                                                          ;
+-------------------------+------------------+---------------+------------+----------------+
; Module Name             ; Machine Hostname ; OS Name       ; OS Version ; Processor type ;
+-------------------------+------------------+---------------+------------+----------------+
; Analysis & Synthesis    ; PC               ; Windows Vista ; 6.2        ; x86_64         ;
; Fitter                  ; PC               ; Windows Vista ; 6.2        ; x86_64         ;
; Assembler               ; PC               ; Windows Vista ; 6.2        ; x86_64         ;
; Classic Timing Analyzer ; PC               ; Windows Vista ; 6.2        ; x86_64         ;
+-------------------------+------------------+---------------+------------+----------------+


------------
; Flow Log ;
------------
quartus_map --read_settings_files=on --write_settings_files=off yaoping -c yaoping
quartus_fit --read_settings_files=off --write_settings_files=off yaoping -c yaoping
quartus_asm --read_settings_files=off --write_settings_files=off yaoping -c yaoping
quartus_tan --read_settings_files=off --write_settings_files=off yaoping -c yaoping



